<?xml version="1.0" encoding="UTF-8"?>
<testng-results skipped="0" failed="0" ignored="0" total="1" passed="1">
  <reporter-output>
  </reporter-output>
  <suite name="Default suite" duration-ms="7075" started-at="2019-08-28T04:10:44Z" finished-at="2019-08-28T04:10:51Z">
    <groups>
    </groups>
    <test name="Default test" duration-ms="7075" started-at="2019-08-28T04:10:44Z" finished-at="2019-08-28T04:10:51Z">
      <class name="com.browser.NavigateBacknForth">
        <test-method status="PASS" signature="setUp()[pri:0, instance:com.browser.NavigateBacknForth@43bd930a]" name="setUp" is-config="true" duration-ms="3681" started-at="2019-08-28T04:10:44Z" finished-at="2019-08-28T04:10:48Z">
          <reporter-output>
          </reporter-output>
        </test-method> <!-- setUp -->
        <test-method status="PASS" signature="navigateTest()[pri:0, instance:com.browser.NavigateBacknForth@43bd930a]" name="navigateTest" duration-ms="3377" started-at="2019-08-28T04:10:48Z" finished-at="2019-08-28T04:10:51Z">
          <reporter-output>
          </reporter-output>
        </test-method> <!-- navigateTest -->
      </class> <!-- com.browser.NavigateBacknForth -->
    </test> <!-- Default test -->
  </suite> <!-- Default suite -->
</testng-results>
